=== puma startup: 2019-07-27 00:37:30 +0300 ===
/Users/max/.rbenv/versions/2.6.3/lib/ruby/gems/2.6.0/gems/puma-3.12.1/lib/puma/launcher.rb:133:in `initialize': No such file or directory @ rb_sysopen - /Users/max/Code/movie-snob/backend/shared/pids/puma.pid (Errno::ENOENT)
	from /Users/max/.rbenv/versions/2.6.3/lib/ruby/gems/2.6.0/gems/puma-3.12.1/lib/puma/launcher.rb:133:in `open'
	from /Users/max/.rbenv/versions/2.6.3/lib/ruby/gems/2.6.0/gems/puma-3.12.1/lib/puma/launcher.rb:133:in `write_pid'
	from /Users/max/.rbenv/versions/2.6.3/lib/ruby/gems/2.6.0/gems/puma-3.12.1/lib/puma/launcher.rb:106:in `write_state'
	from /Users/max/.rbenv/versions/2.6.3/lib/ruby/gems/2.6.0/gems/puma-3.12.1/lib/puma/cluster.rb:460:in `run'
	from /Users/max/.rbenv/versions/2.6.3/lib/ruby/gems/2.6.0/gems/puma-3.12.1/lib/puma/launcher.rb:186:in `run'
	from /Users/max/.rbenv/versions/2.6.3/lib/ruby/gems/2.6.0/gems/puma-3.12.1/lib/rack/handler/puma.rb:73:in `run'
	from /Users/max/.rbenv/versions/2.6.3/lib/ruby/gems/2.6.0/gems/rack-2.0.7/lib/rack/server.rb:297:in `start'
	from /Users/max/.rbenv/versions/2.6.3/lib/ruby/gems/2.6.0/gems/railties-5.2.3/lib/rails/commands/server/server_command.rb:53:in `start'
	from /Users/max/.rbenv/versions/2.6.3/lib/ruby/gems/2.6.0/gems/railties-5.2.3/lib/rails/commands/server/server_command.rb:147:in `block in perform'
	from /Users/max/.rbenv/versions/2.6.3/lib/ruby/gems/2.6.0/gems/railties-5.2.3/lib/rails/commands/server/server_command.rb:142:in `tap'
	from /Users/max/.rbenv/versions/2.6.3/lib/ruby/gems/2.6.0/gems/railties-5.2.3/lib/rails/commands/server/server_command.rb:142:in `perform'
	from /Users/max/.rbenv/versions/2.6.3/lib/ruby/gems/2.6.0/gems/thor-0.20.3/lib/thor/command.rb:27:in `run'
	from /Users/max/.rbenv/versions/2.6.3/lib/ruby/gems/2.6.0/gems/thor-0.20.3/lib/thor/invocation.rb:126:in `invoke_command'
	from /Users/max/.rbenv/versions/2.6.3/lib/ruby/gems/2.6.0/gems/thor-0.20.3/lib/thor.rb:387:in `dispatch'
	from /Users/max/.rbenv/versions/2.6.3/lib/ruby/gems/2.6.0/gems/railties-5.2.3/lib/rails/command/base.rb:65:in `perform'
	from /Users/max/.rbenv/versions/2.6.3/lib/ruby/gems/2.6.0/gems/railties-5.2.3/lib/rails/command.rb:46:in `invoke'
	from /Users/max/.rbenv/versions/2.6.3/lib/ruby/gems/2.6.0/gems/railties-5.2.3/lib/rails/commands.rb:18:in `<main>'
	from /Users/max/.rbenv/versions/2.6.3/lib/ruby/gems/2.6.0/gems/bootsnap-1.4.4/lib/bootsnap/load_path_cache/core_ext/kernel_require.rb:22:in `require'
	from /Users/max/.rbenv/versions/2.6.3/lib/ruby/gems/2.6.0/gems/bootsnap-1.4.4/lib/bootsnap/load_path_cache/core_ext/kernel_require.rb:22:in `block in require_with_bootsnap_lfi'
	from /Users/max/.rbenv/versions/2.6.3/lib/ruby/gems/2.6.0/gems/bootsnap-1.4.4/lib/bootsnap/load_path_cache/loaded_features_index.rb:92:in `register'
	from /Users/max/.rbenv/versions/2.6.3/lib/ruby/gems/2.6.0/gems/bootsnap-1.4.4/lib/bootsnap/load_path_cache/core_ext/kernel_require.rb:21:in `require_with_bootsnap_lfi'
	from /Users/max/.rbenv/versions/2.6.3/lib/ruby/gems/2.6.0/gems/bootsnap-1.4.4/lib/bootsnap/load_path_cache/core_ext/kernel_require.rb:30:in `require'
	from /Users/max/.rbenv/versions/2.6.3/lib/ruby/gems/2.6.0/gems/activesupport-5.2.3/lib/active_support/dependencies.rb:291:in `block in require'
	from /Users/max/.rbenv/versions/2.6.3/lib/ruby/gems/2.6.0/gems/activesupport-5.2.3/lib/active_support/dependencies.rb:257:in `load_dependency'
	from /Users/max/.rbenv/versions/2.6.3/lib/ruby/gems/2.6.0/gems/activesupport-5.2.3/lib/active_support/dependencies.rb:291:in `require'
	from bin/rails:6:in `<main>'
=== puma startup: 2019-07-27 00:40:04 +0300 ===
=== puma startup: 2019-07-27 00:40:57 +0300 ===
=== puma startup: 2019-07-27 00:42:04 +0300 ===
=== puma startup: 2019-07-27 00:43:22 +0300 ===
=== puma startup: 2019-07-27 00:46:50 +0300 ===
